<?xml version="1.0" encoding="UTF-8"?>
<testng-results ignored="0" total="3" passed="3" failed="0" skipped="0">
  <reporter-output>
  </reporter-output>
  <suite started-at="2024-02-14T09:29:54Z" name="PositiveTestSuite" finished-at="2024-02-14T09:30:50Z" duration-ms="55815">
    <groups>
    </groups>
    <test started-at="2024-02-14T09:29:54Z" name="PositiveTest" finished-at="2024-02-14T09:30:50Z" duration-ms="55815">
      <class name="com.herokuapp.theinternet.PositiveTests">
        <test-method is-config="true" signature="setup()[pri:0, instance:com.herokuapp.theinternet.PositiveTests@3f56875e]" started-at="2024-02-14T09:29:54Z" name="setup" finished-at="2024-02-14T09:30:02Z" duration-ms="7578" status="PASS">
          <reporter-output>
          </reporter-output>
        </test-method> <!-- setup -->
        <test-method signature="Homepage()[pri:1, instance:com.herokuapp.theinternet.PositiveTests@3f56875e]" started-at="2024-02-14T09:30:02Z" name="Homepage" finished-at="2024-02-14T09:30:13Z" duration-ms="10495" status="PASS">
          <reporter-output>
          </reporter-output>
        </test-method> <!-- Homepage -->
        <test-method is-config="true" signature="teardown()[pri:0, instance:com.herokuapp.theinternet.PositiveTests@3f56875e]" started-at="2024-02-14T09:30:13Z" name="teardown" finished-at="2024-02-14T09:30:13Z" duration-ms="114" status="PASS">
          <reporter-output>
          </reporter-output>
        </test-method> <!-- teardown -->
        <test-method is-config="true" signature="setup()[pri:0, instance:com.herokuapp.theinternet.PositiveTests@3f56875e]" started-at="2024-02-14T09:30:13Z" name="setup" finished-at="2024-02-14T09:30:19Z" duration-ms="6110" status="PASS">
          <reporter-output>
          </reporter-output>
        </test-method> <!-- setup -->
        <test-method signature="ScheduleDemoPage()[pri:2, instance:com.herokuapp.theinternet.PositiveTests@3f56875e]" started-at="2024-02-14T09:30:19Z" name="ScheduleDemoPage" finished-at="2024-02-14T09:30:24Z" duration-ms="5154" status="PASS">
          <reporter-output>
          </reporter-output>
        </test-method> <!-- ScheduleDemoPage -->
        <test-method is-config="true" signature="teardown()[pri:0, instance:com.herokuapp.theinternet.PositiveTests@3f56875e]" started-at="2024-02-14T09:30:24Z" name="teardown" finished-at="2024-02-14T09:30:24Z" duration-ms="102" status="PASS">
          <reporter-output>
          </reporter-output>
        </test-method> <!-- teardown -->
        <test-method is-config="true" signature="setup()[pri:0, instance:com.herokuapp.theinternet.PositiveTests@3f56875e]" started-at="2024-02-14T09:30:24Z" name="setup" finished-at="2024-02-14T09:30:30Z" duration-ms="6241" status="PASS">
          <reporter-output>
          </reporter-output>
        </test-method> <!-- setup -->
        <test-method signature="CareerPage()[pri:3, instance:com.herokuapp.theinternet.PositiveTests@3f56875e]" started-at="2024-02-14T09:30:30Z" name="CareerPage" finished-at="2024-02-14T09:30:50Z" duration-ms="19862" status="PASS">
          <reporter-output>
          </reporter-output>
        </test-method> <!-- CareerPage -->
        <test-method is-config="true" signature="teardown()[pri:0, instance:com.herokuapp.theinternet.PositiveTests@3f56875e]" started-at="2024-02-14T09:30:50Z" name="teardown" finished-at="2024-02-14T09:30:50Z" duration-ms="134" status="PASS">
          <reporter-output>
          </reporter-output>
        </test-method> <!-- teardown -->
      </class> <!-- com.herokuapp.theinternet.PositiveTests -->
    </test> <!-- PositiveTest -->
  </suite> <!-- PositiveTestSuite -->
</testng-results>
