<?xml version="1.0" encoding="UTF-8"?>
<!-- Generated by org.testng.reporters.JUnitXMLReporter -->
<testsuite ignored="0" hostname="PHP-SSHINDE07" failures="0" tests="3" name="PositiveTest" time="55.815" errors="0" timestamp="14 Feb 2024 09:30:50 GMT">
  <testcase classname="com.herokuapp.theinternet.PositiveTests" name="Homepage" time="10.495"/>
  <testcase classname="com.herokuapp.theinternet.PositiveTests" name="ScheduleDemoPage" time="5.154"/>
  <testcase classname="com.herokuapp.theinternet.PositiveTests" name="CareerPage" time="19.862"/>
</testsuite> <!-- PositiveTest -->
